running egg_info
creating ../build/pointcloud_package/pointcloud_package.egg-info
writing ../build/pointcloud_package/pointcloud_package.egg-info/PKG-INFO
writing dependency_links to ../build/pointcloud_package/pointcloud_package.egg-info/dependency_links.txt
writing entry points to ../build/pointcloud_package/pointcloud_package.egg-info/entry_points.txt
writing requirements to ../build/pointcloud_package/pointcloud_package.egg-info/requires.txt
writing top-level names to ../build/pointcloud_package/pointcloud_package.egg-info/top_level.txt
writing manifest file '../build/pointcloud_package/pointcloud_package.egg-info/SOURCES.txt'
reading manifest file '../build/pointcloud_package/pointcloud_package.egg-info/SOURCES.txt'
writing manifest file '../build/pointcloud_package/pointcloud_package.egg-info/SOURCES.txt'
running build
running build_py
creating /home/louis/Documents/ros2_projects/pointcloud_grasp/src/build/pointcloud_package/build
creating /home/louis/Documents/ros2_projects/pointcloud_grasp/src/build/pointcloud_package/build/lib
creating /home/louis/Documents/ros2_projects/pointcloud_grasp/src/build/pointcloud_package/build/lib/pointcloud_package
copying pointcloud_package/__init__.py -> /home/louis/Documents/ros2_projects/pointcloud_grasp/src/build/pointcloud_package/build/lib/pointcloud_package
copying pointcloud_package/pc_processor_node.py -> /home/louis/Documents/ros2_projects/pointcloud_grasp/src/build/pointcloud_package/build/lib/pointcloud_package
running install
running install_lib
creating /home/louis/Documents/ros2_projects/pointcloud_grasp/src/install/pointcloud_package/lib/python3.12/site-packages/pointcloud_package
copying /home/louis/Documents/ros2_projects/pointcloud_grasp/src/build/pointcloud_package/build/lib/pointcloud_package/__init__.py -> /home/louis/Documents/ros2_projects/pointcloud_grasp/src/install/pointcloud_package/lib/python3.12/site-packages/pointcloud_package
copying /home/louis/Documents/ros2_projects/pointcloud_grasp/src/build/pointcloud_package/build/lib/pointcloud_package/pc_processor_node.py -> /home/louis/Documents/ros2_projects/pointcloud_grasp/src/install/pointcloud_package/lib/python3.12/site-packages/pointcloud_package
byte-compiling /home/louis/Documents/ros2_projects/pointcloud_grasp/src/install/pointcloud_package/lib/python3.12/site-packages/pointcloud_package/__init__.py to __init__.cpython-312.pyc
byte-compiling /home/louis/Documents/ros2_projects/pointcloud_grasp/src/install/pointcloud_package/lib/python3.12/site-packages/pointcloud_package/pc_processor_node.py to pc_processor_node.cpython-312.pyc
running install_data
creating /home/louis/Documents/ros2_projects/pointcloud_grasp/src/install/pointcloud_package/share/ament_index
creating /home/louis/Documents/ros2_projects/pointcloud_grasp/src/install/pointcloud_package/share/ament_index/resource_index
creating /home/louis/Documents/ros2_projects/pointcloud_grasp/src/install/pointcloud_package/share/ament_index/resource_index/packages
copying resource/pointcloud_package -> /home/louis/Documents/ros2_projects/pointcloud_grasp/src/install/pointcloud_package/share/ament_index/resource_index/packages
copying package.xml -> /home/louis/Documents/ros2_projects/pointcloud_grasp/src/install/pointcloud_package/share/pointcloud_package
running install_egg_info
Copying ../build/pointcloud_package/pointcloud_package.egg-info to /home/louis/Documents/ros2_projects/pointcloud_grasp/src/install/pointcloud_package/lib/python3.12/site-packages/pointcloud_package-0.0.0-py3.12.egg-info
running install_scripts
Installing pc_processor_node script to /home/louis/Documents/ros2_projects/pointcloud_grasp/src/install/pointcloud_package/lib/pointcloud_package
writing list of installed files to '/home/louis/Documents/ros2_projects/pointcloud_grasp/src/build/pointcloud_package/install.log'
